<?xml version="1.0" encoding="UTF-8"?>
<!-- Generated by org.testng.reporters.JUnitReportReporter -->
<testsuite skipped="0" hostname="mono-hyd-vastro2520-1" name="com.compile.surefire.jenkins.DriverTestByJenkins" tests="1" failures="0" timestamp="29 May 2019 15:36:51 GMT" time="10.092" errors="0">
  <testcase name="getChromeBrowser" time="10.092" classname="com.compile.surefire.jenkins.DriverTestByJenkins"/>
</testsuite> <!-- com.compile.surefire.jenkins.DriverTestByJenkins -->
